<?xml version="1.0" encoding="UTF-8"?>
<!-- Generated by org.testng.reporters.JUnitReportReporter -->
<testsuite hostname="DESKTOP-TKNABN7" failures="0" tests="1" name="com.bestbuy.tests.BrokenLinksandImages" time="791.041" errors="0" timestamp="04 Oct. 2019 18:35:01 GMT" skipped="0">
  <testcase classname="com.bestbuy.tests.BrokenLinksandImages" name="verifyBrokenLinks" time="791.041"/>
</testsuite> <!-- com.bestbuy.tests.BrokenLinksandImages -->
