<?xml version="1.0" encoding="UTF-8"?>
<!-- Generated by org.testng.reporters.JUnitReportReporter -->
<testsuite hostname="DESKTOP-TKNABN7" failures="0" tests="4" name="com.bestbuy.tests.TDDSearchItem" time="85.438" errors="0" timestamp="09 Oct. 2019 23:04:36 GMT" skipped="0">
  <testcase classname="com.bestbuy.tests.TDDSearchItem" name="dataDrivenSearch" time="16.070"/>
  <testcase classname="com.bestbuy.tests.TDDSearchItem" name="dataDrivenSearch" time="23.743"/>
  <testcase classname="com.bestbuy.tests.TDDSearchItem" name="dataDrivenSearch" time="19.107"/>
  <testcase classname="com.bestbuy.tests.TDDSearchItem" name="dataDrivenSearch" time="26.518"/>
</testsuite> <!-- com.bestbuy.tests.TDDSearchItem -->
