<?xml version="1.0" encoding="UTF-8"?>
<!-- Generated by org.testng.reporters.JUnitReportReporter -->
<testsuite hostname="DESKTOP-TKNABN7" failures="0" tests="4" name="com.bestbuy.tests.HomePageTests" time="119.530" errors="0" timestamp="10 Oct. 2019 17:24:07 GMT" skipped="0">
  <testcase classname="com.bestbuy.tests.HomePageTests" name="verifyHomePageTitle" time="23.640"/>
  <testcase classname="com.bestbuy.tests.HomePageTests" name="doSearch" time="29.816"/>
  <testcase classname="com.bestbuy.tests.HomePageTests" name="emptySearch" time="30.104"/>
  <testcase classname="com.bestbuy.tests.HomePageTests" name="selectingItem" time="35.970"/>
</testsuite> <!-- com.bestbuy.tests.HomePageTests -->
