<?xml version="1.0" encoding="UTF-8"?>
<!-- Generated by org.testng.reporters.JUnitReportReporter -->
<testsuite hostname="DESKTOP-TKNABN7" failures="0" tests="4" name="com.bestbuy.tests.TDDSearchItem" time="132.316" errors="0" timestamp="10 Oct. 2019 17:24:08 GMT" skipped="0">
  <testcase classname="com.bestbuy.tests.TDDSearchItem" name="dataDrivenSearch" time="37.555"/>
  <testcase classname="com.bestbuy.tests.TDDSearchItem" name="dataDrivenSearch" time="45.606"/>
  <testcase classname="com.bestbuy.tests.TDDSearchItem" name="dataDrivenSearch" time="22.480"/>
  <testcase classname="com.bestbuy.tests.TDDSearchItem" name="dataDrivenSearch" time="26.675"/>
</testsuite> <!-- com.bestbuy.tests.TDDSearchItem -->
